<?xml version="1.0" encoding="UTF-8"?>
<!-- Generated by org.testng.reporters.JUnitReportReporter -->
<testsuite hostname="DESKTOP-2970NRH" failures="0" tests="1" name="Sample" time="0.020" errors="0" timestamp="2024-01-08T13:52:58 IST" skipped="0">
  <testcase classname="Sample" name="Sample_test" time="0.020"/>
</testsuite> <!-- Sample -->
